-------------------------------------------------------------------------------
Test set: com.dsanext.service.AuthServiceTest
-------------------------------------------------------------------------------
Tests run: 8, Failures: 0, Errors: 1, Skipped: 0, Time elapsed: 2.152 s <<< FAILURE! -- in com.dsanext.service.AuthServiceTest
com.dsanext.service.AuthServiceTest.validateToken_tamperedToken_returnsFalse -- Time elapsed: 0.010 s <<< ERROR!
io.jsonwebtoken.security.SignatureException: JWT signature does not match locally computed signature. JWT validity cannot be asserted and should not be trusted.
	at io.jsonwebtoken.impl.DefaultJwtParser.verifySignature(DefaultJwtParser.java:340)
	at io.jsonwebtoken.impl.DefaultJwtParser.parse(DefaultJwtParser.java:577)
	at io.jsonwebtoken.impl.DefaultJwtParser.parse(DefaultJwtParser.java:362)
	at io.jsonwebtoken.impl.DefaultJwtParser.parse(DefaultJwtParser.java:94)
	at io.jsonwebtoken.impl.io.AbstractParser.parse(AbstractParser.java:36)
	at io.jsonwebtoken.impl.io.AbstractParser.parse(AbstractParser.java:29)
	at io.jsonwebtoken.impl.DefaultJwtParser.parseSignedClaims(DefaultJwtParser.java:821)
	at com.dsanext.service.AuthService.validateToken(AuthService.java:137)
	at com.dsanext.service.AuthServiceTest.validateToken_tamperedToken_returnsFalse(AuthServiceTest.java:172)
	at java.base/java.lang.reflect.Method.invoke(Method.java:568)
	at java.base/java.util.ArrayList.forEach(ArrayList.java:1511)
	at java.base/java.util.ArrayList.forEach(ArrayList.java:1511)

